0 info it worked if it ends with ok
1 verbose cli [ 'C:\\Program Files\\nodejs\\node.exe',
1 verbose cli   'C:\\Program Files\\nodejs\\node_modules\\npm\\bin\\npm-cli.js',
1 verbose cli   'install',
1 verbose cli   './webpack.config' ]
2 info using npm@4.0.5
3 info using node@v7.4.0
4 silly loadCurrentTree Starting
5 silly install loadCurrentTree
6 silly install readLocalPackageData
7 silly fetchPackageMetaData ./webpack.config
8 silly fetchOtherPackageData ./webpack.config
9 silly cache add args [ './webpack.config', null ]
10 verbose cache add spec ./webpack.config
11 silly cache add parsed spec Result {
11 silly cache add   raw: './webpack.config',
11 silly cache add   scope: null,
11 silly cache add   escapedName: null,
11 silly cache add   name: null,
11 silly cache add   rawSpec: './webpack.config',
11 silly cache add   spec: 'C:\\Users\\paulw\\Desktop\\nyt-react-master\\webpack.config',
11 silly cache add   type: 'local' }
12 error addLocal Could not install C:\Users\paulw\Desktop\nyt-react-master\webpack.config
13 silly fetchPackageMetaData Error: ENOENT: no such file or directory, open 'C:\Users\paulw\Desktop\nyt-react-master\webpack.config'
13 silly fetchPackageMetaData  error for ./webpack.config { Error: ENOENT: no such file or directory, open 'C:\Users\paulw\Desktop\nyt-react-master\webpack.config'
13 silly fetchPackageMetaData   errno: -4058,
13 silly fetchPackageMetaData   code: 'ENOENT',
13 silly fetchPackageMetaData   syscall: 'open',
13 silly fetchPackageMetaData   path: 'C:\\Users\\paulw\\Desktop\\nyt-react-master\\webpack.config' }
14 silly rollbackFailedOptional Starting
15 silly rollbackFailedOptional Finishing
16 silly runTopLevelLifecycles Finishing
17 silly install printInstalled
18 verbose stack Error: ENOENT: no such file or directory, open 'C:\Users\paulw\Desktop\nyt-react-master\webpack.config'
19 verbose cwd C:\Users\paulw\Desktop\nyt-react-master
20 error Windows_NT 10.0.14393
21 error argv "C:\\Program Files\\nodejs\\node.exe" "C:\\Program Files\\nodejs\\node_modules\\npm\\bin\\npm-cli.js" "install" "./webpack.config"
22 error node v7.4.0
23 error npm  v4.0.5
24 error path C:\Users\paulw\Desktop\nyt-react-master\webpack.config
25 error code ENOENT
26 error errno -4058
27 error syscall open
28 error enoent ENOENT: no such file or directory, open 'C:\Users\paulw\Desktop\nyt-react-master\webpack.config'
29 error enoent ENOENT: no such file or directory, open 'C:\Users\paulw\Desktop\nyt-react-master\webpack.config'
29 error enoent This is most likely not a problem with npm itself
29 error enoent and is related to npm not being able to find a file.
30 verbose exit [ -4058, true ]
